<?xml version="1.0" encoding="UTF-8"?>
<testng-results skipped="0" failed="0" total="1" passed="1">
  <reporter-output>
  </reporter-output>
  <suite name="Suite" duration-ms="26" started-at="2019-03-26T01:51:41Z" finished-at="2019-03-26T01:51:41Z">
    <groups>
    </groups>
    <test name="Test" duration-ms="26" started-at="2019-03-26T01:51:41Z" finished-at="2019-03-26T01:51:41Z">
      <class name="ni.ni1">
        <test-method status="PASS" signature="ni()[pri:0, instance:ni.ni1@17ed40e0]" name="ni" duration-ms="10" started-at="2019-03-26T09:51:41Z" finished-at="2019-03-26T09:51:41Z">
          <reporter-output>
          </reporter-output>
        </test-method> <!-- ni -->
      </class> <!-- ni.ni1 -->
    </test> <!-- Test -->
  </suite> <!-- Suite -->
</testng-results>
